2021-04-20 11:20:39.962 [localhost-startStop-1] org.springframework.web.context.ContextLoader - Root WebApplicationContext: initialization started
2021-04-20 11:20:40.732 [MLog-Init-Reporter] com.mchange.v2.log.MLog$1 - MLog clients using log4j2 logging.
2021-04-20 11:20:40.786 [localhost-startStop-1] com.mchange.v2.c3p0.C3P0Registry - Initializing c3p0-0.9.5.5 [built 11-December-2019 22:18:33 -0800; debug? true; trace: 10]
2021-04-20 11:20:40.984 [localhost-startStop-1] org.hibernate.Version - HHH000412: Hibernate ORM core version 5.4.28.Final
2021-04-20 11:20:41.332 [localhost-startStop-1] org.hibernate.annotations.common.reflection.java.JavaReflectionManager - HCANN000001: Hibernate Commons Annotations {5.1.2.Final}
2021-04-20 11:20:41.608 [localhost-startStop-1] com.mchange.v2.c3p0.impl.AbstractPoolBackedDataSource - Initializing c3p0 pool... com.mchange.v2.c3p0.ComboPooledDataSource [ acquireIncrement -> 3, acquireRetryAttempts -> 30, acquireRetryDelay -> 1000, autoCommitOnClose -> false, automaticTestTable -> null, breakAfterAcquireFailure -> false, checkoutTimeout -> 0, connectionCustomizerClassName -> null, connectionTesterClassName -> com.mchange.v2.c3p0.impl.DefaultConnectionTester, contextClassLoaderSource -> caller, dataSourceName -> 1hge4ilag1tzmhs313jv830|2d27204d, debugUnreturnedConnectionStackTraces -> false, description -> null, driverClass -> com.mysql.cj.jdbc.Driver, extensions -> {}, factoryClassLocation -> null, forceIgnoreUnresolvedTransactions -> false, forceSynchronousCheckins -> false, forceUseNamedDriverClass -> false, identityToken -> 1hge4ilag1tzmhs313jv830|2d27204d, idleConnectionTestPeriod -> 0, initialPoolSize -> 3, jdbcUrl -> jdbc:mysql://localhost:3306/jb, maxAdministrativeTaskTime -> 0, maxConnectionAge -> 0, maxIdleTime -> 30000, maxIdleTimeExcessConnections -> 0, maxPoolSize -> 20, maxStatements -> 0, maxStatementsPerConnection -> 0, minPoolSize -> 5, numHelperThreads -> 3, preferredTestQuery -> null, privilegeSpawnedThreads -> false, properties -> {password=******, user=******}, propertyCycle -> 0, statementCacheNumDeferredCloseThreads -> 0, testConnectionOnCheckin -> false, testConnectionOnCheckout -> false, unreturnedConnectionTimeout -> 0, userOverrides -> {}, usesTraditionalReflectiveProxies -> false ]
2021-04-20 11:20:41.624 [localhost-startStop-1] com.mchange.v2.resourcepool.BasicResourcePool - Bad pool size config, start 3 < min 5. Using 5 as start.
2021-04-20 11:20:42.076 [localhost-startStop-1] org.hibernate.dialect.Dialect - HHH000400: Using dialect: org.hibernate.dialect.MySQL8Dialect
2021-04-20 11:20:43.172 [localhost-startStop-1] org.hibernate.engine.transaction.jta.platform.internal.JtaPlatformInitiator - HHH000490: Using JtaPlatform implementation: [org.hibernate.engine.transaction.jta.platform.internal.NoJtaPlatform]
2021-04-20 11:20:43.789 [localhost-startStop-1] org.springframework.web.context.ContextLoader - Root WebApplicationContext initialized in 3825 ms
2021-04-20 11:20:43.818 [localhost-startStop-1] org.springframework.web.servlet.FrameworkServlet - Initializing Servlet 'SimpleWeb'
2021-04-20 11:20:43.925 [localhost-startStop-1] org.springframework.web.servlet.FrameworkServlet - Completed initialization in 107 ms
2021-04-20 11:20:56.595 [http-nio-8080-exec-4] org.hibernate.internal.SessionImpl - HHH90000022: Hibernate's legacy org.hibernate.Criteria API is deprecated; use the JPA javax.persistence.criteria.CriteriaQuery instead
2021-04-20 11:20:56.632 [http-nio-8080-exec-4] org.hibernate.engine.jdbc.spi.SqlStatementLogger - select this_.emp_id as emp_id1_1_1_, this_.department_dept_id as departme4_1_1_, this_.emp_name as emp_name2_1_1_, this_.experience as experien3_1_1_, department2_.dept_id as dept_id1_0_0_, department2_.dept_name as dept_nam2_0_0_, department2_.location as location3_0_0_ from employees this_ left outer join department department2_ on this_.department_dept_id=department2_.dept_id
2021-04-20 12:27:57.675 [http-nio-8080-exec-7] org.hibernate.internal.SessionImpl - HHH90000022: Hibernate's legacy org.hibernate.Criteria API is deprecated; use the JPA javax.persistence.criteria.CriteriaQuery instead
2021-04-20 12:27:57.687 [http-nio-8080-exec-7] org.hibernate.engine.jdbc.spi.SqlStatementLogger - select this_.emp_id as emp_id1_1_1_, this_.department_dept_id as departme4_1_1_, this_.emp_name as emp_name2_1_1_, this_.experience as experien3_1_1_, department2_.dept_id as dept_id1_0_0_, department2_.dept_name as dept_nam2_0_0_, department2_.location as location3_0_0_ from employees this_ left outer join department department2_ on this_.department_dept_id=department2_.dept_id
2021-04-20 13:01:42.901 [http-nio-8080-exec-9] org.hibernate.engine.jdbc.spi.SqlStatementLogger - select department_.dept_id, department_.dept_name as dept_nam2_0_, department_.location as location3_0_ from department department_ where department_.dept_id=?
2021-04-20 13:01:42.931 [http-nio-8080-exec-9] org.hibernate.engine.jdbc.spi.SqlStatementLogger - insert into employees (department_dept_id, emp_name, experience, emp_id) values (?, ?, ?, ?)
2021-04-20 13:01:42.961 [http-nio-8080-exec-10] org.hibernate.internal.SessionImpl - HHH90000022: Hibernate's legacy org.hibernate.Criteria API is deprecated; use the JPA javax.persistence.criteria.CriteriaQuery instead
2021-04-20 13:01:42.963 [http-nio-8080-exec-10] org.hibernate.engine.jdbc.spi.SqlStatementLogger - select this_.emp_id as emp_id1_1_1_, this_.department_dept_id as departme4_1_1_, this_.emp_name as emp_name2_1_1_, this_.experience as experien3_1_1_, department2_.dept_id as dept_id1_0_0_, department2_.dept_name as dept_nam2_0_0_, department2_.location as location3_0_0_ from employees this_ left outer join department department2_ on this_.department_dept_id=department2_.dept_id
2021-04-20 13:01:49.346 [http-nio-8080-exec-1] org.hibernate.engine.jdbc.spi.SqlStatementLogger - select employees0_.emp_id as emp_id1_1_0_, employees0_.department_dept_id as departme4_1_0_, employees0_.emp_name as emp_name2_1_0_, employees0_.experience as experien3_1_0_, department1_.dept_id as dept_id1_0_1_, department1_.dept_name as dept_nam2_0_1_, department1_.location as location3_0_1_ from employees employees0_ left outer join department department1_ on employees0_.department_dept_id=department1_.dept_id where employees0_.emp_id=?
2021-04-20 13:01:49.375 [http-nio-8080-exec-1] org.hibernate.engine.jdbc.spi.SqlStatementLogger - delete from employees where emp_id=?
